2018-01-24 14:21:22,611 INFO (StartupInfoLogger.java:48)- Starting BootStrap on HUANGLONG with PID 8708 (E:\idea_ws\gome_dev\operatingStaff\target\classes started by huanglong in E:\idea_ws\gome_dev\operatingStaff)
2018-01-24 14:21:22,619 DEBUG (StartupInfoLogger.java:51)- Running with Spring Boot v1.4.0.RELEASE, Spring v4.3.2.RELEASE
2018-01-24 14:21:22,620 INFO (SpringApplication.java:659)- No active profile set, falling back to default profiles: default
2018-01-24 14:21:28,860 INFO (StartupInfoLogger.java:57)- Started BootStrap in 7.871 seconds (JVM running for 10.665)
2018-01-24 14:21:28,861 INFO (BootStrap.java:69)- 运营参谋数据服务于:2018-01-24 14:21:28成功启动!
2018-01-24 14:22:02,784 DEBUG (ParamUtil.java:88)- 处理后的入参:{st=20180121, psize=20, pnum=1, offset=0, limit=20, orderby=uv, sale_kind=ALL, et=20180121, ordertype=desc}
2018-01-24 14:22:02,853 TRACE (LogRecorder.java:39)- {"visit_time":"2018-01-24 14:22:02","ip":"10.69.60.225","req_url":"/self/category/sale","params":{"st":"20180121","psize":"20","pnum":"1","offset":"0","limit":"20","orderby":"uv","sale_kind":"ALL","et":"20180121","ordertype":"desc"},"req_time":"71ms"}
2018-01-24 14:23:33,380 INFO (StartupInfoLogger.java:48)- Starting BootStrap on HUANGLONG with PID 8912 (E:\idea_ws\gome_dev\operatingStaff\target\classes started by huanglong in E:\idea_ws\gome_dev\operatingStaff)
2018-01-24 14:23:33,381 DEBUG (StartupInfoLogger.java:51)- Running with Spring Boot v1.4.0.RELEASE, Spring v4.3.2.RELEASE
2018-01-24 14:23:33,381 INFO (SpringApplication.java:659)- No active profile set, falling back to default profiles: default
2018-01-24 14:23:37,367 INFO (StartupInfoLogger.java:57)- Started BootStrap in 4.596 seconds (JVM running for 5.642)
2018-01-24 14:23:37,368 INFO (BootStrap.java:69)- 运营参谋数据服务于:2018-01-24 14:23:37成功启动!
2018-01-24 14:24:04,259 INFO (StartupInfoLogger.java:48)- Starting BootStrap on HUANGLONG with PID 5008 (E:\idea_ws\gome_dev\operatingStaff\target\classes started by huanglong in E:\idea_ws\gome_dev\operatingStaff)
2018-01-24 14:24:04,260 DEBUG (StartupInfoLogger.java:51)- Running with Spring Boot v1.4.0.RELEASE, Spring v4.3.2.RELEASE
2018-01-24 14:24:04,260 INFO (SpringApplication.java:659)- No active profile set, falling back to default profiles: default
2018-01-24 14:24:08,185 INFO (StartupInfoLogger.java:57)- Started BootStrap in 4.548 seconds (JVM running for 5.625)
2018-01-24 14:24:08,187 INFO (BootStrap.java:69)- 运营参谋数据服务于:2018-01-24 14:24:08成功启动!
2018-01-24 14:34:17,062 INFO (StartupInfoLogger.java:48)- Starting BootStrap on HUANGLONG with PID 6476 (E:\idea_ws\gome_dev\operatingStaff\target\classes started by huanglong in E:\idea_ws\gome_dev\operatingStaff)
2018-01-24 14:34:17,063 DEBUG (StartupInfoLogger.java:51)- Running with Spring Boot v1.4.0.RELEASE, Spring v4.3.2.RELEASE
2018-01-24 14:34:17,064 INFO (SpringApplication.java:659)- No active profile set, falling back to default profiles: default
2018-01-24 14:34:20,322 INFO (StartupInfoLogger.java:57)- Started BootStrap in 3.886 seconds (JVM running for 4.672)
2018-01-24 14:34:20,323 INFO (BootStrap.java:69)- 运营参谋数据服务于:2018-01-24 14:34:20成功启动!
2018-01-24 14:35:26,736 INFO (StartupInfoLogger.java:48)- Starting BootStrap on HUANGLONG with PID 8876 (E:\idea_ws\gome_dev\operatingStaff\target\classes started by huanglong in E:\idea_ws\gome_dev\operatingStaff)
2018-01-24 14:35:26,737 DEBUG (StartupInfoLogger.java:51)- Running with Spring Boot v1.4.0.RELEASE, Spring v4.3.2.RELEASE
2018-01-24 14:35:26,737 INFO (SpringApplication.java:659)- No active profile set, falling back to default profiles: default
2018-01-24 14:35:30,047 INFO (StartupInfoLogger.java:57)- Started BootStrap in 3.979 seconds (JVM running for 4.629)
2018-01-24 14:35:30,048 INFO (BootStrap.java:69)- 运营参谋数据服务于:2018-01-24 14:35:30成功启动!
2018-01-24 14:36:04,530 INFO (StartupInfoLogger.java:48)- Starting BootStrap on HUANGLONG with PID 4264 (E:\idea_ws\gome_dev\operatingStaff\target\classes started by huanglong in E:\idea_ws\gome_dev\operatingStaff)
2018-01-24 14:36:04,531 DEBUG (StartupInfoLogger.java:51)- Running with Spring Boot v1.4.0.RELEASE, Spring v4.3.2.RELEASE
2018-01-24 14:36:04,533 INFO (SpringApplication.java:659)- No active profile set, falling back to default profiles: default
2018-01-24 14:36:33,089 INFO (StartupInfoLogger.java:48)- Starting BootStrap on HUANGLONG with PID 3996 (E:\idea_ws\gome_dev\operatingStaff\target\classes started by huanglong in E:\idea_ws\gome_dev\operatingStaff)
2018-01-24 14:36:33,090 DEBUG (StartupInfoLogger.java:51)- Running with Spring Boot v1.4.0.RELEASE, Spring v4.3.2.RELEASE
2018-01-24 14:36:33,091 INFO (SpringApplication.java:659)- No active profile set, falling back to default profiles: default
2018-01-24 14:36:36,452 INFO (StartupInfoLogger.java:57)- Started BootStrap in 4.094 seconds (JVM running for 4.756)
2018-01-24 14:36:36,456 INFO (BootStrap.java:69)- 运营参谋数据服务于:2018-01-24 14:36:36成功启动!
2018-01-24 14:40:40,275 INFO (StartupInfoLogger.java:48)- Starting BootStrap on HUANGLONG with PID 6280 (E:\idea_ws\gome_dev\operatingStaff\target\classes started by huanglong in E:\idea_ws\gome_dev\operatingStaff)
2018-01-24 14:40:40,276 DEBUG (StartupInfoLogger.java:51)- Running with Spring Boot v1.4.0.RELEASE, Spring v4.3.2.RELEASE
2018-01-24 14:40:40,276 INFO (SpringApplication.java:659)- No active profile set, falling back to default profiles: default
2018-01-24 14:40:43,564 INFO (StartupInfoLogger.java:57)- Started BootStrap in 3.828 seconds (JVM running for 4.789)
2018-01-24 14:40:43,565 INFO (BootStrap.java:69)- 运营参谋数据服务于:2018-01-24 14:40:43成功启动!
2018-01-24 14:42:07,480 INFO (StartupInfoLogger.java:48)- Starting BootStrap on HUANGLONG with PID 8464 (E:\idea_ws\gome_dev\operatingStaff\target\classes started by huanglong in E:\idea_ws\gome_dev\operatingStaff)
2018-01-24 14:42:07,480 DEBUG (StartupInfoLogger.java:51)- Running with Spring Boot v1.4.0.RELEASE, Spring v4.3.2.RELEASE
2018-01-24 14:42:07,481 INFO (SpringApplication.java:659)- No active profile set, falling back to default profiles: default
2018-01-24 14:44:30,667 INFO (StartupInfoLogger.java:48)- Starting BootStrap on HUANGLONG with PID 9120 (E:\idea_ws\gome_dev\operatingStaff\target\classes started by huanglong in E:\idea_ws\gome_dev\operatingStaff)
2018-01-24 14:44:30,668 DEBUG (StartupInfoLogger.java:51)- Running with Spring Boot v1.4.0.RELEASE, Spring v4.3.2.RELEASE
2018-01-24 14:44:30,668 INFO (SpringApplication.java:659)- No active profile set, falling back to default profiles: default
2018-01-24 14:46:21,777 INFO (StartupInfoLogger.java:48)- Starting BootStrap on HUANGLONG with PID 8860 (E:\idea_ws\gome_dev\operatingStaff\target\classes started by huanglong in E:\idea_ws\gome_dev\operatingStaff)
2018-01-24 14:46:21,778 DEBUG (StartupInfoLogger.java:51)- Running with Spring Boot v1.4.0.RELEASE, Spring v4.3.2.RELEASE
2018-01-24 14:46:21,779 INFO (SpringApplication.java:659)- No active profile set, falling back to default profiles: default
2018-01-24 14:47:13,153 INFO (StartupInfoLogger.java:48)- Starting BootStrap on HUANGLONG with PID 9092 (E:\idea_ws\gome_dev\operatingStaff\target\classes started by huanglong in E:\idea_ws\gome_dev\operatingStaff)
2018-01-24 14:47:13,154 DEBUG (StartupInfoLogger.java:51)- Running with Spring Boot v1.4.0.RELEASE, Spring v4.3.2.RELEASE
2018-01-24 14:47:13,156 INFO (SpringApplication.java:659)- No active profile set, falling back to default profiles: default
2018-01-24 14:47:19,176 INFO (StartupInfoLogger.java:57)- Started BootStrap in 6.574 seconds (JVM running for 8.128)
2018-01-24 14:47:19,177 INFO (BootStrap.java:69)- 运营参谋数据服务于:2018-01-24 14:47:19成功启动!
2018-01-24 14:48:13,909 INFO (StartupInfoLogger.java:48)- Starting BootStrap on HUANGLONG with PID 2292 (E:\idea_ws\gome_dev\operatingStaff\target\classes started by huanglong in E:\idea_ws\gome_dev\operatingStaff)
2018-01-24 14:48:13,909 DEBUG (StartupInfoLogger.java:51)- Running with Spring Boot v1.4.0.RELEASE, Spring v4.3.2.RELEASE
2018-01-24 14:48:13,910 INFO (SpringApplication.java:659)- No active profile set, falling back to default profiles: default
2018-01-24 14:48:17,690 INFO (StartupInfoLogger.java:57)- Started BootStrap in 4.387 seconds (JVM running for 5.341)
2018-01-24 14:48:17,691 INFO (BootStrap.java:69)- 运营参谋数据服务于:2018-01-24 14:48:17成功启动!
2018-01-24 14:48:44,484 INFO (StartupInfoLogger.java:48)- Starting BootStrap on HUANGLONG with PID 8584 (E:\idea_ws\gome_dev\operatingStaff\target\classes started by huanglong in E:\idea_ws\gome_dev\operatingStaff)
2018-01-24 14:48:44,485 DEBUG (StartupInfoLogger.java:51)- Running with Spring Boot v1.4.0.RELEASE, Spring v4.3.2.RELEASE
2018-01-24 14:48:44,486 INFO (SpringApplication.java:659)- No active profile set, falling back to default profiles: default
2018-01-24 14:48:48,054 INFO (StartupInfoLogger.java:57)- Started BootStrap in 4.185 seconds (JVM running for 5.137)
2018-01-24 14:48:48,055 INFO (BootStrap.java:69)- 运营参谋数据服务于:2018-01-24 14:48:48成功启动!
2018-01-24 14:48:57,526 DEBUG (ParamUtil.java:88)- 处理后的入参:{st=20180121, psize=20, pnum=1, offset=0, limit=20, orderby=uv, sale_kind=ALL, et=20180121, ordertype=desc}
2018-01-24 14:48:58,494 TRACE (ImpalaJdbc.java:51)- url:self_category_sale	querylist:
		select 
		   sum(uv) as uv,		   
		   sum(valid_order_amount) as eff_order_amount
		from ads.ads_self_category_sales where 1=1 and dt between '20180121' and '20180121'
			and sale_kind = 'ALL'
		order by uv desc
2018-01-24 14:49:00,343 TRACE (LogRecorder.java:39)- {"visit_time":"2018-01-24 14:48:57","ip":"10.69.60.225","req_url":"/self/category/sale","params":{"st":"20180121","psize":"20","pnum":"1","offset":"0","limit":"20","orderby":"uv","sale_kind":"ALL","et":"20180121","ordertype":"desc"},"req_time":"2818ms"}
2018-01-24 14:52:04,424 INFO (BootStrap.java:57)- 加载sql文件:self_category_sale.xml
2018-01-24 14:52:04,484 INFO (StartupInfoLogger.java:48)- Starting BootStrap on HUANGLONG with PID 8584 (E:\idea_ws\gome_dev\operatingStaff\target\classes started by huanglong in E:\idea_ws\gome_dev\operatingStaff)
2018-01-24 14:52:04,485 DEBUG (StartupInfoLogger.java:51)- Running with Spring Boot v1.4.0.RELEASE, Spring v4.3.2.RELEASE
2018-01-24 14:52:04,485 INFO (SpringApplication.java:659)- No active profile set, falling back to default profiles: default
2018-01-24 14:52:05,287 INFO (StartupInfoLogger.java:57)- Started BootStrap in 0.857 seconds (JVM running for 202.378)
2018-01-24 14:52:05,288 INFO (BootStrap.java:69)- 运营参谋数据服务于:2018-01-24 14:52:05成功启动!
2018-01-24 14:52:21,317 DEBUG (ParamUtil.java:88)- 处理后的入参:{st=20180121, psize=20, pnum=1, offset=0, limit=20, orderby=uv, sale_kind=ALL, et=20180121, ordertype=desc}
2018-01-24 14:52:21,337 TRACE (ImpalaJdbc.java:51)- url:self_category_sale	querylist:
		select 
		   sum(uv) as uv,		   
		   sum(valid_order_amount) as eff_order_amount
		from ads.ads_self_category_sales where 1=1 and dt between '20180121' and '20180121'
			and sale_kind = 'ALL'
		order by uv desc
2018-01-24 14:52:21,778 TRACE (LogRecorder.java:39)- {"visit_time":"2018-01-24 14:52:21","ip":"10.69.60.225","req_url":"/self/category/sale","params":{"st":"20180121","psize":"20","pnum":"1","offset":"0","limit":"20","orderby":"uv","sale_kind":"ALL","et":"20180121","ordertype":"desc"},"req_time":"462ms"}
2018-01-24 14:52:46,375 INFO (BootStrap.java:57)- 加载sql文件:self_category_sale.xml
2018-01-24 14:52:46,436 INFO (StartupInfoLogger.java:48)- Starting BootStrap on HUANGLONG with PID 8584 (E:\idea_ws\gome_dev\operatingStaff\target\classes started by huanglong in E:\idea_ws\gome_dev\operatingStaff)
2018-01-24 14:52:46,437 DEBUG (StartupInfoLogger.java:51)- Running with Spring Boot v1.4.0.RELEASE, Spring v4.3.2.RELEASE
2018-01-24 14:52:46,437 INFO (SpringApplication.java:659)- No active profile set, falling back to default profiles: default
2018-01-24 14:52:47,182 INFO (StartupInfoLogger.java:57)- Started BootStrap in 0.801 seconds (JVM running for 244.274)
2018-01-24 14:52:47,183 INFO (BootStrap.java:69)- 运营参谋数据服务于:2018-01-24 14:52:47成功启动!
2018-01-24 14:52:56,635 DEBUG (ParamUtil.java:88)- 处理后的入参:{st=20180121, psize=20, pnum=1, offset=0, limit=20, orderby=uv, sale_kind=ALL, et=20180121, ordertype=desc}
2018-01-24 14:52:56,649 TRACE (ImpalaJdbc.java:51)- url:self_category_sale	querylist:
		select 
		   sum(uv) as uv,		   
		   sum(valid_order_amount) as eff_order_amount
		from ads.ads_self_category_sales where 1=1 and dt between '20180121' and '20180121'
			and sale_kind = 'ALL'
		order by uv desc
2018-01-24 14:52:57,236 TRACE (LogRecorder.java:39)- {"visit_time":"2018-01-24 14:52:56","ip":"10.69.60.225","req_url":"/self/category/sale","params":{"st":"20180121","psize":"20","pnum":"1","offset":"0","limit":"20","orderby":"uv","sale_kind":"ALL","et":"20180121","ordertype":"desc"},"req_time":"603ms"}
2018-01-24 14:53:58,533 INFO (BootStrap.java:57)- 加载sql文件:self_category_sale.xml
2018-01-24 14:53:58,581 INFO (StartupInfoLogger.java:48)- Starting BootStrap on HUANGLONG with PID 8584 (E:\idea_ws\gome_dev\operatingStaff\target\classes started by huanglong in E:\idea_ws\gome_dev\operatingStaff)
2018-01-24 14:53:58,582 DEBUG (StartupInfoLogger.java:51)- Running with Spring Boot v1.4.0.RELEASE, Spring v4.3.2.RELEASE
2018-01-24 14:53:58,582 INFO (SpringApplication.java:659)- No active profile set, falling back to default profiles: default
2018-01-24 14:53:59,277 INFO (StartupInfoLogger.java:57)- Started BootStrap in 0.738 seconds (JVM running for 316.372)
2018-01-24 14:53:59,277 INFO (BootStrap.java:69)- 运营参谋数据服务于:2018-01-24 14:53:59成功启动!
2018-01-24 14:55:14,668 INFO (BootStrap.java:57)- 加载sql文件:self_category_sale.xml
2018-01-24 14:55:14,716 INFO (StartupInfoLogger.java:48)- Starting BootStrap on HUANGLONG with PID 8584 (E:\idea_ws\gome_dev\operatingStaff\target\classes started by huanglong in E:\idea_ws\gome_dev\operatingStaff)
2018-01-24 14:55:14,717 DEBUG (StartupInfoLogger.java:51)- Running with Spring Boot v1.4.0.RELEASE, Spring v4.3.2.RELEASE
2018-01-24 14:55:14,717 INFO (SpringApplication.java:659)- No active profile set, falling back to default profiles: default
2018-01-24 14:55:15,500 INFO (StartupInfoLogger.java:57)- Started BootStrap in 0.826 seconds (JVM running for 392.599)
2018-01-24 14:55:15,501 INFO (BootStrap.java:69)- 运营参谋数据服务于:2018-01-24 14:55:15成功启动!
2018-01-24 14:56:29,750 INFO (BootStrap.java:57)- 加载sql文件:self_category_sale.xml
2018-01-24 14:56:29,798 INFO (StartupInfoLogger.java:48)- Starting BootStrap on HUANGLONG with PID 8584 (E:\idea_ws\gome_dev\operatingStaff\target\classes started by huanglong in E:\idea_ws\gome_dev\operatingStaff)
2018-01-24 14:56:29,798 DEBUG (StartupInfoLogger.java:51)- Running with Spring Boot v1.4.0.RELEASE, Spring v4.3.2.RELEASE
2018-01-24 14:56:29,798 INFO (SpringApplication.java:659)- No active profile set, falling back to default profiles: default
2018-01-24 14:56:30,504 INFO (StartupInfoLogger.java:57)- Started BootStrap in 0.749 seconds (JVM running for 467.605)
2018-01-24 14:56:30,504 INFO (BootStrap.java:69)- 运营参谋数据服务于:2018-01-24 14:56:30成功启动!
2018-01-24 14:56:43,152 INFO (StartupInfoLogger.java:48)- Starting BootStrap on HUANGLONG with PID 8776 (E:\idea_ws\gome_dev\operatingStaff\target\classes started by huanglong in E:\idea_ws\gome_dev\operatingStaff)
2018-01-24 14:56:43,153 DEBUG (StartupInfoLogger.java:51)- Running with Spring Boot v1.4.0.RELEASE, Spring v4.3.2.RELEASE
2018-01-24 14:56:43,153 INFO (SpringApplication.java:659)- No active profile set, falling back to default profiles: default
2018-01-24 14:56:46,436 INFO (StartupInfoLogger.java:57)- Started BootStrap in 3.893 seconds (JVM running for 4.775)
2018-01-24 14:56:46,437 INFO (BootStrap.java:72)- 运营参谋数据服务于:2018-01-24 14:56:46成功启动!
2018-01-24 14:57:01,704 INFO (BootStrap.java:50)- ============lombok==========简化日志========
2018-01-24 14:57:01,704 INFO (BootStrap.java:60)- 加载sql文件:self_category_sale.xml
2018-01-24 14:57:01,771 INFO (StartupInfoLogger.java:48)- Starting BootStrap on HUANGLONG with PID 8776 (E:\idea_ws\gome_dev\operatingStaff\target\classes started by huanglong in E:\idea_ws\gome_dev\operatingStaff)
2018-01-24 14:57:01,772 DEBUG (StartupInfoLogger.java:51)- Running with Spring Boot v1.4.0.RELEASE, Spring v4.3.2.RELEASE
2018-01-24 14:57:01,772 INFO (SpringApplication.java:659)- No active profile set, falling back to default profiles: default
2018-01-24 14:57:02,577 INFO (StartupInfoLogger.java:57)- Started BootStrap in 0.867 seconds (JVM running for 20.917)
2018-01-24 14:57:02,578 INFO (BootStrap.java:72)- 运营参谋数据服务于:2018-01-24 14:57:02成功启动!
2018-01-24 14:58:53,213 INFO (StartupInfoLogger.java:48)- Starting BootStrap on HUANGLONG with PID 8868 (E:\idea_ws\gome_dev\operatingStaff\target\classes started by huanglong in E:\idea_ws\gome_dev\operatingStaff)
2018-01-24 14:58:53,214 DEBUG (StartupInfoLogger.java:51)- Running with Spring Boot v1.4.0.RELEASE, Spring v4.3.2.RELEASE
2018-01-24 14:58:53,214 INFO (SpringApplication.java:659)- No active profile set, falling back to default profiles: default
2018-01-24 14:58:56,483 INFO (StartupInfoLogger.java:57)- Started BootStrap in 3.831 seconds (JVM running for 4.843)
2018-01-24 14:58:56,483 INFO (BootStrap.java:72)- 运营参谋数据服务于:2018-01-24 14:58:56成功启动!
2018-01-24 14:59:33,020 INFO (BootStrap.java:60)- 加载sql文件:hhh.xml
2018-01-24 14:59:33,082 INFO (StartupInfoLogger.java:48)- Starting BootStrap on HUANGLONG with PID 8868 (E:\idea_ws\gome_dev\operatingStaff\target\classes started by huanglong in E:\idea_ws\gome_dev\operatingStaff)
2018-01-24 14:59:33,083 DEBUG (StartupInfoLogger.java:51)- Running with Spring Boot v1.4.0.RELEASE, Spring v4.3.2.RELEASE
2018-01-24 14:59:33,083 INFO (SpringApplication.java:659)- No active profile set, falling back to default profiles: default
2018-01-24 14:59:33,888 INFO (StartupInfoLogger.java:57)- Started BootStrap in 0.858 seconds (JVM running for 42.249)
2018-01-24 14:59:33,888 INFO (BootStrap.java:72)- 运营参谋数据服务于:2018-01-24 14:59:33成功启动!
2018-01-24 14:59:58,717 INFO (BootStrap.java:60)- 加载sql文件:self_category_sale.xml
2018-01-24 14:59:58,766 INFO (StartupInfoLogger.java:48)- Starting BootStrap on HUANGLONG with PID 8868 (E:\idea_ws\gome_dev\operatingStaff\target\classes started by huanglong in E:\idea_ws\gome_dev\operatingStaff)
2018-01-24 14:59:58,766 DEBUG (StartupInfoLogger.java:51)- Running with Spring Boot v1.4.0.RELEASE, Spring v4.3.2.RELEASE
2018-01-24 14:59:58,766 INFO (SpringApplication.java:659)- No active profile set, falling back to default profiles: default
2018-01-24 14:59:59,519 INFO (StartupInfoLogger.java:57)- Started BootStrap in 0.797 seconds (JVM running for 67.882)
2018-01-24 14:59:59,520 INFO (BootStrap.java:72)- 运营参谋数据服务于:2018-01-24 14:59:59成功启动!
2018-01-24 15:02:08,658 INFO (BootStrap.java:60)- 加载sql文件:self_category_sale.xml
2018-01-24 15:02:08,660 INFO (BootStrap.java:60)- 加载sql文件:ss
2018-01-24 15:02:08,707 INFO (StartupInfoLogger.java:48)- Starting BootStrap on HUANGLONG with PID 8868 (E:\idea_ws\gome_dev\operatingStaff\target\classes started by huanglong in E:\idea_ws\gome_dev\operatingStaff)
2018-01-24 15:02:08,707 DEBUG (StartupInfoLogger.java:51)- Running with Spring Boot v1.4.0.RELEASE, Spring v4.3.2.RELEASE
2018-01-24 15:02:08,707 INFO (SpringApplication.java:659)- No active profile set, falling back to default profiles: default
2018-01-24 15:02:09,799 INFO (StartupInfoLogger.java:57)- Started BootStrap in 1.135 seconds (JVM running for 198.168)
2018-01-24 15:02:09,805 INFO (BootStrap.java:72)- 运营参谋数据服务于:2018-01-24 15:02:09成功启动!
2018-01-24 15:02:22,446 INFO (BootStrap.java:60)- 加载sql文件:self_category_sale.xml
2018-01-24 15:02:22,490 INFO (StartupInfoLogger.java:48)- Starting BootStrap on HUANGLONG with PID 8868 (E:\idea_ws\gome_dev\operatingStaff\target\classes started by huanglong in E:\idea_ws\gome_dev\operatingStaff)
2018-01-24 15:02:22,490 DEBUG (StartupInfoLogger.java:51)- Running with Spring Boot v1.4.0.RELEASE, Spring v4.3.2.RELEASE
2018-01-24 15:02:22,490 INFO (SpringApplication.java:659)- No active profile set, falling back to default profiles: default
2018-01-24 15:02:23,194 INFO (StartupInfoLogger.java:57)- Started BootStrap in 0.743 seconds (JVM running for 211.563)
2018-01-24 15:02:23,195 INFO (BootStrap.java:72)- 运营参谋数据服务于:2018-01-24 15:02:23成功启动!
2018-01-24 15:03:40,518 INFO (StartupInfoLogger.java:48)- Starting BootStrap on HUANGLONG with PID 4836 (E:\idea_ws\gome_dev\operatingStaff\target\classes started by huanglong in E:\idea_ws\gome_dev\operatingStaff)
2018-01-24 15:03:40,519 DEBUG (StartupInfoLogger.java:51)- Running with Spring Boot v1.4.0.RELEASE, Spring v4.3.2.RELEASE
2018-01-24 15:03:40,519 INFO (SpringApplication.java:659)- No active profile set, falling back to default profiles: default
2018-01-24 15:03:43,591 INFO (StartupInfoLogger.java:57)- Started BootStrap in 3.706 seconds (JVM running for 4.632)
2018-01-24 15:03:43,592 INFO (BootStrap.java:72)- 运营参谋数据服务于:2018-01-24 15:03:43成功启动!
2018-01-24 15:04:05,914 INFO (BootStrap.java:60)- 加载sql文件:self_category_sale.xml
2018-01-24 15:04:05,993 INFO (StartupInfoLogger.java:48)- Starting BootStrap on HUANGLONG with PID 4836 (E:\idea_ws\gome_dev\operatingStaff\target\classes started by huanglong in E:\idea_ws\gome_dev\operatingStaff)
2018-01-24 15:04:05,995 DEBUG (StartupInfoLogger.java:51)- Running with Spring Boot v1.4.0.RELEASE, Spring v4.3.2.RELEASE
2018-01-24 15:04:05,996 INFO (SpringApplication.java:659)- No active profile set, falling back to default profiles: default
2018-01-24 15:04:06,761 INFO (StartupInfoLogger.java:57)- Started BootStrap in 0.841 seconds (JVM running for 27.802)
2018-01-24 15:04:06,762 INFO (BootStrap.java:72)- 运营参谋数据服务于:2018-01-24 15:04:06成功启动!
2018-01-24 15:04:19,603 INFO (BootStrap.java:60)- 加载sql文件:self_category_sale.xml
2018-01-24 15:04:19,736 INFO (StartupInfoLogger.java:48)- Starting BootStrap on HUANGLONG with PID 4836 (E:\idea_ws\gome_dev\operatingStaff\target\classes started by huanglong in E:\idea_ws\gome_dev\operatingStaff)
2018-01-24 15:04:19,737 DEBUG (StartupInfoLogger.java:51)- Running with Spring Boot v1.4.0.RELEASE, Spring v4.3.2.RELEASE
2018-01-24 15:04:19,737 INFO (SpringApplication.java:659)- No active profile set, falling back to default profiles: default
2018-01-24 15:04:20,926 INFO (StartupInfoLogger.java:57)- Started BootStrap in 1.28 seconds (JVM running for 41.969)
2018-01-24 15:04:20,927 INFO (BootStrap.java:72)- 运营参谋数据服务于:2018-01-24 15:04:20成功启动!
2018-01-24 15:04:52,862 INFO (BootStrap.java:60)- 加载sql文件:self_category_sale.xml
2018-01-24 15:04:52,910 INFO (StartupInfoLogger.java:48)- Starting BootStrap on HUANGLONG with PID 4836 (E:\idea_ws\gome_dev\operatingStaff\target\classes started by huanglong in E:\idea_ws\gome_dev\operatingStaff)
2018-01-24 15:04:52,910 DEBUG (StartupInfoLogger.java:51)- Running with Spring Boot v1.4.0.RELEASE, Spring v4.3.2.RELEASE
2018-01-24 15:04:52,910 INFO (SpringApplication.java:659)- No active profile set, falling back to default profiles: default
2018-01-24 15:04:53,614 INFO (StartupInfoLogger.java:57)- Started BootStrap in 0.745 seconds (JVM running for 74.658)
2018-01-24 15:04:53,615 INFO (BootStrap.java:72)- 运营参谋数据服务于:2018-01-24 15:04:53成功启动!
2018-01-24 15:50:34,359 INFO (StartupInfoLogger.java:48)- Starting BootStrap on HUANGLONG with PID 7072 (E:\idea_ws\gome_dev\operatingStaff\target\classes started by huanglong in E:\idea_ws\gome_dev\operatingStaff)
2018-01-24 15:50:34,360 DEBUG (StartupInfoLogger.java:51)- Running with Spring Boot v1.4.0.RELEASE, Spring v4.3.2.RELEASE
2018-01-24 15:50:34,360 INFO (SpringApplication.java:659)- No active profile set, falling back to default profiles: default
2018-01-24 15:50:37,863 INFO (StartupInfoLogger.java:57)- Started BootStrap in 3.901 seconds (JVM running for 4.918)
2018-01-24 15:50:37,864 INFO (BootStrap.java:72)- 运营参谋数据服务于:2018-01-24 15:50:37成功启动!
2018-01-24 15:51:59,220 DEBUG (ParamUtil.java:88)- 处理后的入参:{st=20180121, psize=20, pnum=1, offset=0, limit=20, orderby=uv, sale_kind=ALL, et=20180121, ordertype=desc}
2018-01-24 15:51:59,388 TRACE (ImpalaJdbc.java:51)- url:self_category_sale	querylist:
		select 
		   sum(uv) as uv,		   
		   sum(valid_order_amount) as eff_order_amount
		from ads.ads_self_category_sales where 1=1 and dt between '20180121' and '20180121'
			and sale_kind = 'ALL'
		order by uv desc
2018-01-24 15:52:00,026 TRACE (LogRecorder.java:39)- {"visit_time":"2018-01-24 15:51:59","ip":"10.69.60.225","req_url":"/self/category/sale","params":{"st":"20180121","psize":"20","pnum":"1","offset":"0","limit":"20","orderby":"uv","sale_kind":"ALL","et":"20180121","ordertype":"desc"},"req_time":"808ms"}
2018-01-24 15:52:13,563 DEBUG (ParamUtil.java:88)- 处理后的入参:{st=20180121, psize=20, pnum=1, offset=0, limit=20, orderby=uv, sale_kind=ALL, et=20180121, ordertype=desc}
2018-01-24 15:52:13,564 TRACE (LogRecorder.java:39)- {"visit_time":"2018-01-24 15:52:13","ip":"10.69.60.225","req_url":"/self/category/sale","params":{"st":"20180121","psize":"20","pnum":"1","offset":"0","limit":"20","orderby":"uv","sale_kind":"ALL","et":"20180121","ordertype":"desc"},"req_time":"1ms"}
2018-01-24 15:57:34,422 INFO (StartupInfoLogger.java:48)- Starting BootStrap on HUANGLONG with PID 9112 (E:\idea_ws\gome_dev\operatingStaff\target\classes started by huanglong in E:\idea_ws\gome_dev\operatingStaff)
2018-01-24 15:57:34,423 DEBUG (StartupInfoLogger.java:51)- Running with Spring Boot v1.4.0.RELEASE, Spring v4.3.2.RELEASE
2018-01-24 15:57:34,423 INFO (SpringApplication.java:659)- No active profile set, falling back to default profiles: default
2018-01-24 15:57:39,019 INFO (StartupInfoLogger.java:57)- Started BootStrap in 5.169 seconds (JVM running for 6.957)
2018-01-24 15:57:39,022 INFO (BootStrap.java:72)- 运营参谋数据服务于:2018-01-24 15:57:39成功启动!
2018-01-24 15:58:03,523 DEBUG (ParamUtil.java:88)- 处理后的入参:{st=20180121, psize=20, pnum=1, offset=0, limit=20, orderby=uv, sale_kind=ALL, et=20180121, ordertype=desc}
2018-01-24 15:58:03,666 TRACE (ImpalaJdbc.java:51)- url:self_category_sale	querylist:
		select 
		   sum(uv) as uv,		   
		   sum(valid_order_amount) as eff_order_amount
		from ads.ads_self_category_sales where 1=1 and dt between '20180121' and '20180121'
			and sale_kind = 'ALL'
		order by uv desc
2018-01-24 15:58:04,343 TRACE (LogRecorder.java:39)- {"visit_time":"2018-01-24 15:58:03","ip":"10.69.60.225","req_url":"/self/category/sale","params":{"st":"20180121","psize":"20","pnum":"1","offset":"0","limit":"20","orderby":"uv","sale_kind":"ALL","et":"20180121","ordertype":"desc"},"req_time":"820ms"}
2018-01-24 16:20:34,301 INFO (StartupInfoLogger.java:48)- Starting BootStrap on HUANGLONG with PID 9044 (E:\idea_ws\gome_dev\operatingStaff\target\classes started by huanglong in E:\idea_ws\gome_dev\operatingStaff)
2018-01-24 16:20:34,302 DEBUG (StartupInfoLogger.java:51)- Running with Spring Boot v1.4.0.RELEASE, Spring v4.3.2.RELEASE
2018-01-24 16:20:34,302 INFO (SpringApplication.java:659)- No active profile set, falling back to default profiles: default
2018-01-24 16:20:38,485 INFO (StartupInfoLogger.java:57)- Started BootStrap in 4.698 seconds (JVM running for 6.012)
2018-01-24 16:20:38,486 INFO (BootStrap.java:72)- 运营参谋数据服务于:2018-01-24 16:20:38成功启动!
2018-01-24 16:23:11,742 DEBUG (ParamUtil.java:88)- 处理后的入参:{st=20180121, psize=20, pnum=1, offset=0, limit=20, orderby=uv, sale_kind=ALL, et=20180121, ordertype=desc}
2018-01-24 16:23:25,732 DEBUG (ParamUtil.java:88)- 处理后的入参:{st=20180121, psize=20, pnum=1, offset=0, limit=20, orderby=uv, sale_kind=ALL, et=20180121, ordertype=desc}
2018-01-24 16:23:25,735 DEBUG (ParamUtil.java:88)- 处理后的入参:{st=20180121, psize=20, pnum=1, offset=0, limit=20, orderby=uv, sale_kind=ALL, et=20180121, ordertype=desc}
2018-01-24 16:31:53,796 TRACE (LogRecorder.java:39)- {"visit_time":"2018-01-24 16:23:25","ip":"10.69.60.225","req_url":"/self/category/sale","params":{"st":"20180121","psize":"20","pnum":"1","offset":"0","limit":"20","orderby":"uv","sale_kind":"ALL","et":"20180121","ordertype":"desc"},"req_time":"508060ms"}
2018-01-24 16:31:53,796 TRACE (LogRecorder.java:39)- {"visit_time":"2018-01-24 16:23:25","ip":"10.69.60.225","req_url":"/self/category/sale","params":{"st":"20180121","psize":"20","pnum":"1","offset":"0","limit":"20","orderby":"uv","sale_kind":"ALL","et":"20180121","ordertype":"desc"},"req_time":"508060ms"}
2018-01-24 16:32:32,587 INFO (StartupInfoLogger.java:48)- Starting BootStrap on HUANGLONG with PID 5820 (E:\idea_ws\gome_dev\operatingStaff\target\classes started by huanglong in E:\idea_ws\gome_dev\operatingStaff)
2018-01-24 16:32:32,588 DEBUG (StartupInfoLogger.java:51)- Running with Spring Boot v1.4.0.RELEASE, Spring v4.3.2.RELEASE
2018-01-24 16:32:32,588 INFO (SpringApplication.java:659)- No active profile set, falling back to default profiles: default
2018-01-24 16:32:36,465 INFO (StartupInfoLogger.java:57)- Started BootStrap in 4.486 seconds (JVM running for 5.621)
2018-01-24 16:32:36,466 INFO (BootStrap.java:72)- 运营参谋数据服务于:2018-01-24 16:32:36成功启动!
2018-01-24 16:32:53,793 INFO (StartupInfoLogger.java:48)- Starting BootStrap on HUANGLONG with PID 7272 (E:\idea_ws\gome_dev\operatingStaff\target\classes started by huanglong in E:\idea_ws\gome_dev\operatingStaff)
2018-01-24 16:32:53,794 DEBUG (StartupInfoLogger.java:51)- Running with Spring Boot v1.4.0.RELEASE, Spring v4.3.2.RELEASE
2018-01-24 16:32:53,794 INFO (SpringApplication.java:659)- No active profile set, falling back to default profiles: default
2018-01-24 16:32:57,673 INFO (StartupInfoLogger.java:57)- Started BootStrap in 4.374 seconds (JVM running for 5.675)
2018-01-24 16:32:57,674 INFO (BootStrap.java:72)- 运营参谋数据服务于:2018-01-24 16:32:57成功启动!
2018-01-24 16:33:33,654 DEBUG (ParamUtil.java:88)- 处理后的入参:{st=20180121, psize=20, pnum=1, offset=0, limit=20, orderby=uv, sale_kind=ALL, et=20180121, ordertype=desc}
2018-01-24 17:15:17,787 DEBUG (ParamUtil.java:88)- 处理后的入参:{st=20180121, psize=20, pnum=1, offset=0, limit=20, orderby=uv, sale_kind=ALL, et=20180121, ordertype=desc}
2018-01-24 17:15:17,856 DEBUG (ParamUtil.java:88)- 处理后的入参:{st=20180121, psize=20, pnum=1, offset=0, limit=20, orderby=uv, sale_kind=ALL, et=20180121, ordertype=desc}
2018-01-24 17:15:17,870 DEBUG (ParamUtil.java:88)- 处理后的入参:{st=20180121, psize=20, pnum=1, offset=0, limit=20, orderby=uv, sale_kind=ALL, et=20180121, ordertype=desc}
2018-01-24 17:15:17,936 DEBUG (ParamUtil.java:88)- 处理后的入参:{st=20180121, psize=20, pnum=1, offset=0, limit=20, orderby=uv, sale_kind=ALL, et=20180121, ordertype=desc}
2018-01-24 17:15:23,971 TRACE (ImpalaJdbc.java:51)- url:self_category_sale	querylist:
		select 
		   sum(uv) as uv,		   
		   sum(valid_order_amount) as eff_order_amount
		from ads.ads_self_category_sales where 1=1 and dt between '20180121' and '20180121'
			and sale_kind = 'ALL'
		order by uv desc
2018-01-24 17:15:23,971 TRACE (ImpalaJdbc.java:51)- url:self_category_sale	querylist:
		select 
		   sum(uv) as uv,		   
		   sum(valid_order_amount) as eff_order_amount
		from ads.ads_self_category_sales where 1=1 and dt between '20180121' and '20180121'
			and sale_kind = 'ALL'
		order by uv desc
2018-01-24 17:15:23,971 TRACE (ImpalaJdbc.java:51)- url:self_category_sale	querylist:
		select 
		   sum(uv) as uv,		   
		   sum(valid_order_amount) as eff_order_amount
		from ads.ads_self_category_sales where 1=1 and dt between '20180121' and '20180121'
			and sale_kind = 'ALL'
		order by uv desc
2018-01-24 17:15:23,971 TRACE (ImpalaJdbc.java:51)- url:self_category_sale	querylist:
		select 
		   sum(uv) as uv,		   
		   sum(valid_order_amount) as eff_order_amount
		from ads.ads_self_category_sales where 1=1 and dt between '20180121' and '20180121'
			and sale_kind = 'ALL'
		order by uv desc
2018-01-24 17:15:23,971 TRACE (ImpalaJdbc.java:51)- url:self_category_sale	querylist:
		select 
		   sum(uv) as uv,		   
		   sum(valid_order_amount) as eff_order_amount
		from ads.ads_self_category_sales where 1=1 and dt between '20180121' and '20180121'
			and sale_kind = 'ALL'
		order by uv desc
2018-01-24 17:15:24,945 TRACE (LogRecorder.java:39)- {"visit_time":"2018-01-24 17:15:17","ip":"10.69.60.225","req_url":"/self/category/sale","params":{"st":"20180121","psize":"20","pnum":"1","offset":"0","limit":"20","orderby":"uv","sale_kind":"ALL","et":"20180121","ordertype":"desc"},"req_time":"7078ms"}
2018-01-24 17:15:24,945 TRACE (LogRecorder.java:39)- {"visit_time":"2018-01-24 17:15:17","ip":"10.69.60.225","req_url":"/self/category/sale","params":{"st":"20180121","psize":"20","pnum":"1","offset":"0","limit":"20","orderby":"uv","sale_kind":"ALL","et":"20180121","ordertype":"desc"},"req_time":"7078ms"}
2018-01-24 17:15:24,945 TRACE (LogRecorder.java:39)- {"visit_time":"2018-01-24 17:15:17","ip":"10.69.60.225","req_url":"/self/category/sale","params":{"st":"20180121","psize":"20","pnum":"1","offset":"0","limit":"20","orderby":"uv","sale_kind":"ALL","et":"20180121","ordertype":"desc"},"req_time":"7078ms"}
2018-01-24 17:15:24,945 TRACE (LogRecorder.java:39)- {"visit_time":"2018-01-24 17:15:17","ip":"10.69.60.225","req_url":"/self/category/sale","params":{"st":"20180121","psize":"20","pnum":"1","offset":"0","limit":"20","orderby":"uv","sale_kind":"ALL","et":"20180121","ordertype":"desc"},"req_time":"7078ms"}
2018-01-24 17:15:24,959 TRACE (LogRecorder.java:39)- {"visit_time":"2018-01-24 17:15:17","ip":"10.69.60.225","req_url":"/self/category/sale","params":{"st":"20180121","psize":"20","pnum":"1","offset":"0","limit":"20","orderby":"uv","sale_kind":"ALL","et":"20180121","ordertype":"desc"},"req_time":"7093ms"}
2018-01-24 17:15:32,335 DEBUG (ParamUtil.java:88)- 处理后的入参:{st=20180121, psize=20, pnum=1, offset=0, limit=20, orderby=uv, sale_kind=ALL, et=20180121, ordertype=desc}
2018-01-24 18:46:49,190 TRACE (ImpalaJdbc.java:51)- url:self_category_sale	querylist:
		select 
		   sum(uv) as uv,		   
		   sum(valid_order_amount) as eff_order_amount
		from ads.ads_self_category_sales where 1=1 and dt between '20180121' and '20180121'
			and sale_kind = 'ALL'
			and sale_kind = 'ALL'
		order by uv desc
